INFO - 2024-06-17 00:09:08 --> Session: Class initialized using 'CodeIgniter\Session\Handlers\FileHandler' driver.
INFO - 2024-06-17 00:13:34 --> Session: Class initialized using 'CodeIgniter\Session\Handlers\FileHandler' driver.
INFO - 2024-06-17 00:21:57 --> Session: Class initialized using 'CodeIgniter\Session\Handlers\FileHandler' driver.
INFO - 2024-06-17 00:21:57 --> Session: Class initialized using 'CodeIgniter\Session\Handlers\FileHandler' driver.
INFO - 2024-06-17 00:22:09 --> Session: Class initialized using 'CodeIgniter\Session\Handlers\FileHandler' driver.
CRITICAL - 2024-06-17 00:34:50 --> ErrorException: Undefined variable $atk
[Method: GET, Route: dashboard/dashboardkaryawan]
in APPPATH\Views\dashboard\dashboardkaryawan.php on line 136.
 1 APPPATH\Views\dashboard\dashboardkaryawan.php(136): CodeIgniter\Debug\Exceptions->errorHandler(2, 'Undefined variable $atk', 'C:\\xampp\\htdocs\\ci-lesson-atk\\app\\Views\\dashboard\\dashboardkaryawan.php', 136)
 2 SYSTEMPATH\View\View.php(234): include('C:\\xampp\\htdocs\\ci-lesson-atk\\app\\Views\\dashboard\\dashboardkaryawan.php')
 3 SYSTEMPATH\View\View.php(237): CodeIgniter\View\View->CodeIgniter\View\{closure}()
 4 SYSTEMPATH\Common.php(1171): CodeIgniter\View\View->render('dashboard/dashboardkaryawan', [], true)
 5 APPPATH\Config\Routes.php(76): view('dashboard/dashboardkaryawan')
 6 SYSTEMPATH\CodeIgniter.php(877): CodeIgniter\Router\RouteCollection->{closure}()
 7 SYSTEMPATH\CodeIgniter.php(496): CodeIgniter\CodeIgniter->startController()
 8 SYSTEMPATH\CodeIgniter.php(355): CodeIgniter\CodeIgniter->handleRequest(null, Object(Config\Cache), false)
 9 SYSTEMPATH\Boot.php(312): CodeIgniter\CodeIgniter->run()
10 SYSTEMPATH\Boot.php(67): CodeIgniter\Boot::runCodeIgniter(Object(CodeIgniter\CodeIgniter))
11 FCPATH\index.php(56): CodeIgniter\Boot::bootWeb(Object(Config\Paths))
12 SYSTEMPATH\Commands\Server\rewrite.php(49): require_once('C:\\xampp\\htdocs\\ci-lesson-atk\\public\\index.php')
INFO - 2024-06-17 00:36:07 --> Session: Class initialized using 'CodeIgniter\Session\Handlers\FileHandler' driver.
INFO - 2024-06-17 00:36:08 --> Session: Class initialized using 'CodeIgniter\Session\Handlers\FileHandler' driver.
INFO - 2024-06-17 00:36:16 --> Session: Class initialized using 'CodeIgniter\Session\Handlers\FileHandler' driver.
