INFO - 2024-06-21 07:07:22 --> Session: Class initialized using 'CodeIgniter\Session\Handlers\FileHandler' driver.
INFO - 2024-06-21 07:17:04 --> Session: Class initialized using 'CodeIgniter\Session\Handlers\FileHandler' driver.
INFO - 2024-06-21 07:27:42 --> Session: Class initialized using 'CodeIgniter\Session\Handlers\FileHandler' driver.
INFO - 2024-06-21 07:27:43 --> Session: Class initialized using 'CodeIgniter\Session\Handlers\FileHandler' driver.
INFO - 2024-06-21 07:27:51 --> Session: Class initialized using 'CodeIgniter\Session\Handlers\FileHandler' driver.
CRITICAL - 2024-06-21 07:51:00 --> Error: Class "App\Controllers\AtkModel" not found
[Method: GET, Route: permintaanatk/createDetail/49]
in APPPATH\Controllers\PermintaanatkController.php on line 40.
 1 SYSTEMPATH\CodeIgniter.php(933): App\Controllers\PermintaanatkController->createDetail('49')
 2 SYSTEMPATH\CodeIgniter.php(509): CodeIgniter\CodeIgniter->runController(Object(App\Controllers\PermintaanatkController))
 3 SYSTEMPATH\CodeIgniter.php(355): CodeIgniter\CodeIgniter->handleRequest(null, Object(Config\Cache), false)
 4 SYSTEMPATH\Boot.php(312): CodeIgniter\CodeIgniter->run()
 5 SYSTEMPATH\Boot.php(67): CodeIgniter\Boot::runCodeIgniter(Object(CodeIgniter\CodeIgniter))
 6 FCPATH\index.php(56): CodeIgniter\Boot::bootWeb(Object(Config\Paths))
 7 SYSTEMPATH\Commands\Server\rewrite.php(49): require_once('C:\\xampp\\htdocs\\ci-lesson-atk\\public\\index.php')
CRITICAL - 2024-06-21 07:51:20 --> ErrorException: Undefined variable $atk
[Method: GET, Route: permintaanatk/createDetail/49]
in APPPATH\Views\permintaanatk\create_detail.php on line 25.
 1 APPPATH\Views\permintaanatk\create_detail.php(25): CodeIgniter\Debug\Exceptions->errorHandler(2, 'Undefined variable $atk', 'C:\\xampp\\htdocs\\ci-lesson-atk\\app\\Views\\permintaanatk\\create_detail.php', 25)
 2 SYSTEMPATH\View\View.php(234): include('C:\\xampp\\htdocs\\ci-lesson-atk\\app\\Views\\permintaanatk\\create_detail.php')
 3 SYSTEMPATH\View\View.php(237): CodeIgniter\View\View->CodeIgniter\View\{closure}()
 4 SYSTEMPATH\Common.php(1171): CodeIgniter\View\View->render('permintaanatk/create_detail', [], true)
 5 APPPATH\Controllers\PermintaanatkController.php(41): view('permintaanatk/create_detail', [...])
 6 SYSTEMPATH\CodeIgniter.php(933): App\Controllers\PermintaanatkController->createDetail('49')
 7 SYSTEMPATH\CodeIgniter.php(509): CodeIgniter\CodeIgniter->runController(Object(App\Controllers\PermintaanatkController))
 8 SYSTEMPATH\CodeIgniter.php(355): CodeIgniter\CodeIgniter->handleRequest(null, Object(Config\Cache), false)
 9 SYSTEMPATH\Boot.php(312): CodeIgniter\CodeIgniter->run()
10 SYSTEMPATH\Boot.php(67): CodeIgniter\Boot::runCodeIgniter(Object(CodeIgniter\CodeIgniter))
11 FCPATH\index.php(56): CodeIgniter\Boot::bootWeb(Object(Config\Paths))
12 SYSTEMPATH\Commands\Server\rewrite.php(49): require_once('C:\\xampp\\htdocs\\ci-lesson-atk\\public\\index.php')
INFO - 2024-06-21 08:16:07 --> Session: Class initialized using 'CodeIgniter\Session\Handlers\FileHandler' driver.
INFO - 2024-06-21 10:32:40 --> Session: Class initialized using 'CodeIgniter\Session\Handlers\FileHandler' driver.
INFO - 2024-06-21 10:32:40 --> Session: Class initialized using 'CodeIgniter\Session\Handlers\FileHandler' driver.
INFO - 2024-06-21 10:32:51 --> Session: Class initialized using 'CodeIgniter\Session\Handlers\FileHandler' driver.
CRITICAL - 2024-06-21 10:50:18 --> ErrorException: Maximum execution time of 60 seconds exceeded
[Method: POST, Route: permintaanatk/exportPdf]
in VENDORPATH\dompdf\dompdf\src\Helpers.php on line 582.
 1 [internal function]: CodeIgniter\Debug\Exceptions->shutdownHandler()
CRITICAL - 2024-06-21 11:01:33 --> ErrorException: Maximum execution time of 60 seconds exceeded
[Method: POST, Route: permintaanatk/exportPdf]
in VENDORPATH\dompdf\dompdf\src\Helpers.php on line 582.
 1 [internal function]: CodeIgniter\Debug\Exceptions->shutdownHandler()
INFO - 2024-06-21 11:08:07 --> Session: Class initialized using 'CodeIgniter\Session\Handlers\FileHandler' driver.
INFO - 2024-06-21 11:08:21 --> Session: Class initialized using 'CodeIgniter\Session\Handlers\FileHandler' driver.
INFO - 2024-06-21 11:12:46 --> Session: Class initialized using 'CodeIgniter\Session\Handlers\FileHandler' driver.
INFO - 2024-06-21 11:12:46 --> Session: Class initialized using 'CodeIgniter\Session\Handlers\FileHandler' driver.
INFO - 2024-06-21 11:12:57 --> Session: Class initialized using 'CodeIgniter\Session\Handlers\FileHandler' driver.
CRITICAL - 2024-06-21 11:32:37 --> ErrorException: Maximum execution time of 60 seconds exceeded
[Method: POST, Route: permintaanatk/exportPdf]
in VENDORPATH\dompdf\dompdf\src\Helpers.php on line 582.
 1 [internal function]: CodeIgniter\Debug\Exceptions->shutdownHandler()
