CRITICAL - 2024-05-29 04:18:06 --> ParseError: Unclosed '{' on line 14
[Method: GET, Route: kelolaatk]
in APPPATH\Controllers\PermintaanController.php on line 82.
 1 SYSTEMPATH\Autoloader\Autoloader.php(296): CodeIgniter\Autoloader\Autoloader->includeFile('C:\\xampp\\htdocs\\ci-lesson-atk\\app\\Controllers\\PermintaanController.php')
 2 SYSTEMPATH\Autoloader\Autoloader.php(272): CodeIgniter\Autoloader\Autoloader->loadInNamespace('App\\Controllers\\PermintaanController')
 3 [internal function]: CodeIgniter\Autoloader\Autoloader->loadClass('App\\Controllers\\PermintaanController')
 4 SYSTEMPATH\CodeIgniter.php(887): class_exists('\\App\\Controllers\\PermintaanController', true)
 5 SYSTEMPATH\CodeIgniter.php(496): CodeIgniter\CodeIgniter->startController()
 6 SYSTEMPATH\CodeIgniter.php(355): CodeIgniter\CodeIgniter->handleRequest(null, Object(Config\Cache), false)
 7 SYSTEMPATH\Boot.php(312): CodeIgniter\CodeIgniter->run()
 8 SYSTEMPATH\Boot.php(67): CodeIgniter\Boot::runCodeIgniter(Object(CodeIgniter\CodeIgniter))
 9 FCPATH\index.php(56): CodeIgniter\Boot::bootWeb(Object(Config\Paths))
10 SYSTEMPATH\Commands\Server\rewrite.php(49): require_once('C:\\xampp\\htdocs\\ci-lesson-atk\\public\\index.php')
CRITICAL - 2024-05-29 04:30:11 --> ParseError: syntax error, unexpected variable "$routes", expecting ")"
[Method: GET, Route: kelolaatk]
in APPPATH\Config\Routes.php on line 23.
 1 SYSTEMPATH\CodeIgniter.php(823): CodeIgniter\Router\RouteCollection->loadRoutes()
 2 SYSTEMPATH\CodeIgniter.php(457): CodeIgniter\CodeIgniter->tryToRouteIt(null)
 3 SYSTEMPATH\CodeIgniter.php(355): CodeIgniter\CodeIgniter->handleRequest(null, Object(Config\Cache), false)
 4 SYSTEMPATH\Boot.php(312): CodeIgniter\CodeIgniter->run()
 5 SYSTEMPATH\Boot.php(67): CodeIgniter\Boot::runCodeIgniter(Object(CodeIgniter\CodeIgniter))
 6 FCPATH\index.php(56): CodeIgniter\Boot::bootWeb(Object(Config\Paths))
 7 SYSTEMPATH\Commands\Server\rewrite.php(49): require_once('C:\\xampp\\htdocs\\ci-lesson-atk\\public\\index.php')
INFO - 2024-05-29 04:53:11 --> Session: Class initialized using 'CodeIgniter\Session\Handlers\FileHandler' driver.
INFO - 2024-05-29 04:53:49 --> Session: Class initialized using 'CodeIgniter\Session\Handlers\FileHandler' driver.
INFO - 2024-05-29 05:02:23 --> Session: Class initialized using 'CodeIgniter\Session\Handlers\FileHandler' driver.
INFO - 2024-05-29 05:10:55 --> Session: Class initialized using 'CodeIgniter\Session\Handlers\FileHandler' driver.
ERROR - 2024-05-29 05:11:57 --> mysqli_sql_exception: Duplicate entry '' for key 'PRIMARY' in C:\xampp\htdocs\ci-lesson-atk\system\Database\MySQLi\Connection.php:308
Stack trace:
#0 C:\xampp\htdocs\ci-lesson-atk\system\Database\MySQLi\Connection.php(308): mysqli->query('INSERT INTO `at...', 0)
#1 C:\xampp\htdocs\ci-lesson-atk\system\Database\BaseConnection.php(722): CodeIgniter\Database\MySQLi\Connection->execute('INSERT INTO `at...')
#2 C:\xampp\htdocs\ci-lesson-atk\system\Database\BaseConnection.php(636): CodeIgniter\Database\BaseConnection->simpleQuery('INSERT INTO `at...')
#3 C:\xampp\htdocs\ci-lesson-atk\system\Database\BaseBuilder.php(2325): CodeIgniter\Database\BaseConnection->query('INSERT INTO `at...', Array, false)
#4 C:\xampp\htdocs\ci-lesson-atk\system\Model.php(383): CodeIgniter\Database\BaseBuilder->insert()
#5 C:\xampp\htdocs\ci-lesson-atk\system\BaseModel.php(840): CodeIgniter\Model->doInsert(Array)
#6 C:\xampp\htdocs\ci-lesson-atk\system\Model.php(791): CodeIgniter\BaseModel->insert(Array, false)
#7 C:\xampp\htdocs\ci-lesson-atk\system\BaseModel.php(751): CodeIgniter\Model->insert(Array, false)
#8 C:\xampp\htdocs\ci-lesson-atk\app\Controllers\AtkController.php(44): CodeIgniter\BaseModel->save(Array)
#9 C:\xampp\htdocs\ci-lesson-atk\system\CodeIgniter.php(933): App\Controllers\AtkController->tambahData()
#10 C:\xampp\htdocs\ci-lesson-atk\system\CodeIgniter.php(509): CodeIgniter\CodeIgniter->runController(Object(App\Controllers\AtkController))
#11 C:\xampp\htdocs\ci-lesson-atk\system\CodeIgniter.php(355): CodeIgniter\CodeIgniter->handleRequest(NULL, Object(Config\Cache), false)
#12 C:\xampp\htdocs\ci-lesson-atk\system\Boot.php(312): CodeIgniter\CodeIgniter->run()
#13 C:\xampp\htdocs\ci-lesson-atk\system\Boot.php(67): CodeIgniter\Boot::runCodeIgniter(Object(CodeIgniter\CodeIgniter))
#14 C:\xampp\htdocs\ci-lesson-atk\public\index.php(56): CodeIgniter\Boot::bootWeb(Object(Config\Paths))
#15 C:\xampp\htdocs\ci-lesson-atk\system\Commands\Server\rewrite.php(49): require_once('C:\\xampp\\htdocs...')
#16 {main}
CRITICAL - 2024-05-29 05:11:57 --> CodeIgniter\Database\Exceptions\DatabaseException: Duplicate entry '' for key 'PRIMARY'
[Method: POST, Route: kelolaatk]
in SYSTEMPATH\Database\BaseConnection.php on line 676.
 1 SYSTEMPATH\Database\BaseBuilder.php(2325): CodeIgniter\Database\BaseConnection->query('INSERT INTO `atk` (`nama_atk`, `stok`, `satuan`) VALUES (:nama_atk:, :stok:, :satuan:)', [...], false)
 2 SYSTEMPATH\Model.php(383): CodeIgniter\Database\BaseBuilder->insert()
 3 SYSTEMPATH\BaseModel.php(840): CodeIgniter\Model->doInsert([...])
 4 SYSTEMPATH\Model.php(791): CodeIgniter\BaseModel->insert([...], false)
 5 SYSTEMPATH\BaseModel.php(751): CodeIgniter\Model->insert([...], false)
 6 APPPATH\Controllers\AtkController.php(44): CodeIgniter\BaseModel->save([...])
 7 SYSTEMPATH\CodeIgniter.php(933): App\Controllers\AtkController->tambahData()
 8 SYSTEMPATH\CodeIgniter.php(509): CodeIgniter\CodeIgniter->runController(Object(App\Controllers\AtkController))
 9 SYSTEMPATH\CodeIgniter.php(355): CodeIgniter\CodeIgniter->handleRequest(null, Object(Config\Cache), false)
10 SYSTEMPATH\Boot.php(312): CodeIgniter\CodeIgniter->run()
11 SYSTEMPATH\Boot.php(67): CodeIgniter\Boot::runCodeIgniter(Object(CodeIgniter\CodeIgniter))
12 FCPATH\index.php(56): CodeIgniter\Boot::bootWeb(Object(Config\Paths))
13 SYSTEMPATH\Commands\Server\rewrite.php(49): require_once('C:\\xampp\\htdocs\\ci-lesson-atk\\public\\index.php')
CRITICAL - 2024-05-29 05:11:57 --> [Caused by] CodeIgniter\Database\Exceptions\DatabaseException: Duplicate entry '' for key 'PRIMARY'
in SYSTEMPATH\Database\MySQLi\Connection.php on line 313.
 1 SYSTEMPATH\Database\BaseConnection.php(722): CodeIgniter\Database\MySQLi\Connection->execute('INSERT INTO `atk` (`nama_atk`, `stok`, `satuan`) VALUES (\'Tinta Spidol\', \'4\', \'Pcs\')')
 2 SYSTEMPATH\Database\BaseConnection.php(636): CodeIgniter\Database\BaseConnection->simpleQuery('INSERT INTO `atk` (`nama_atk`, `stok`, `satuan`) VALUES (\'Tinta Spidol\', \'4\', \'Pcs\')')
 3 SYSTEMPATH\Database\BaseBuilder.php(2325): CodeIgniter\Database\BaseConnection->query('INSERT INTO `atk` (`nama_atk`, `stok`, `satuan`) VALUES (:nama_atk:, :stok:, :satuan:)', [...], false)
 4 SYSTEMPATH\Model.php(383): CodeIgniter\Database\BaseBuilder->insert()
 5 SYSTEMPATH\BaseModel.php(840): CodeIgniter\Model->doInsert([...])
 6 SYSTEMPATH\Model.php(791): CodeIgniter\BaseModel->insert([...], false)
 7 SYSTEMPATH\BaseModel.php(751): CodeIgniter\Model->insert([...], false)
 8 APPPATH\Controllers\AtkController.php(44): CodeIgniter\BaseModel->save([...])
 9 SYSTEMPATH\CodeIgniter.php(933): App\Controllers\AtkController->tambahData()
10 SYSTEMPATH\CodeIgniter.php(509): CodeIgniter\CodeIgniter->runController(Object(App\Controllers\AtkController))
11 SYSTEMPATH\CodeIgniter.php(355): CodeIgniter\CodeIgniter->handleRequest(null, Object(Config\Cache), false)
12 SYSTEMPATH\Boot.php(312): CodeIgniter\CodeIgniter->run()
13 SYSTEMPATH\Boot.php(67): CodeIgniter\Boot::runCodeIgniter(Object(CodeIgniter\CodeIgniter))
14 FCPATH\index.php(56): CodeIgniter\Boot::bootWeb(Object(Config\Paths))
15 SYSTEMPATH\Commands\Server\rewrite.php(49): require_once('C:\\xampp\\htdocs\\ci-lesson-atk\\public\\index.php')
CRITICAL - 2024-05-29 05:11:57 --> [Caused by] mysqli_sql_exception: Duplicate entry '' for key 'PRIMARY'
in SYSTEMPATH\Database\MySQLi\Connection.php on line 308.
 1 SYSTEMPATH\Database\MySQLi\Connection.php(308): mysqli->query('INSERT INTO `atk` (`nama_atk`, `stok`, `satuan`) VALUES (\'Tinta Spidol\', \'4\', \'Pcs\')', 0)
 2 SYSTEMPATH\Database\BaseConnection.php(722): CodeIgniter\Database\MySQLi\Connection->execute('INSERT INTO `atk` (`nama_atk`, `stok`, `satuan`) VALUES (\'Tinta Spidol\', \'4\', \'Pcs\')')
 3 SYSTEMPATH\Database\BaseConnection.php(636): CodeIgniter\Database\BaseConnection->simpleQuery('INSERT INTO `atk` (`nama_atk`, `stok`, `satuan`) VALUES (\'Tinta Spidol\', \'4\', \'Pcs\')')
 4 SYSTEMPATH\Database\BaseBuilder.php(2325): CodeIgniter\Database\BaseConnection->query('INSERT INTO `atk` (`nama_atk`, `stok`, `satuan`) VALUES (:nama_atk:, :stok:, :satuan:)', [...], false)
 5 SYSTEMPATH\Model.php(383): CodeIgniter\Database\BaseBuilder->insert()
 6 SYSTEMPATH\BaseModel.php(840): CodeIgniter\Model->doInsert([...])
 7 SYSTEMPATH\Model.php(791): CodeIgniter\BaseModel->insert([...], false)
 8 SYSTEMPATH\BaseModel.php(751): CodeIgniter\Model->insert([...], false)
 9 APPPATH\Controllers\AtkController.php(44): CodeIgniter\BaseModel->save([...])
10 SYSTEMPATH\CodeIgniter.php(933): App\Controllers\AtkController->tambahData()
11 SYSTEMPATH\CodeIgniter.php(509): CodeIgniter\CodeIgniter->runController(Object(App\Controllers\AtkController))
12 SYSTEMPATH\CodeIgniter.php(355): CodeIgniter\CodeIgniter->handleRequest(null, Object(Config\Cache), false)
13 SYSTEMPATH\Boot.php(312): CodeIgniter\CodeIgniter->run()
14 SYSTEMPATH\Boot.php(67): CodeIgniter\Boot::runCodeIgniter(Object(CodeIgniter\CodeIgniter))
15 FCPATH\index.php(56): CodeIgniter\Boot::bootWeb(Object(Config\Paths))
16 SYSTEMPATH\Commands\Server\rewrite.php(49): require_once('C:\\xampp\\htdocs\\ci-lesson-atk\\public\\index.php')
ERROR - 2024-05-29 05:13:37 --> mysqli_sql_exception: Duplicate entry '' for key 'PRIMARY' in C:\xampp\htdocs\ci-lesson-atk\system\Database\MySQLi\Connection.php:308
Stack trace:
#0 C:\xampp\htdocs\ci-lesson-atk\system\Database\MySQLi\Connection.php(308): mysqli->query('INSERT INTO `at...', 0)
#1 C:\xampp\htdocs\ci-lesson-atk\system\Database\BaseConnection.php(722): CodeIgniter\Database\MySQLi\Connection->execute('INSERT INTO `at...')
#2 C:\xampp\htdocs\ci-lesson-atk\system\Database\BaseConnection.php(636): CodeIgniter\Database\BaseConnection->simpleQuery('INSERT INTO `at...')
#3 C:\xampp\htdocs\ci-lesson-atk\system\Database\BaseBuilder.php(2325): CodeIgniter\Database\BaseConnection->query('INSERT INTO `at...', Array, false)
#4 C:\xampp\htdocs\ci-lesson-atk\system\Model.php(383): CodeIgniter\Database\BaseBuilder->insert()
#5 C:\xampp\htdocs\ci-lesson-atk\system\BaseModel.php(840): CodeIgniter\Model->doInsert(Array)
#6 C:\xampp\htdocs\ci-lesson-atk\system\Model.php(791): CodeIgniter\BaseModel->insert(Array, false)
#7 C:\xampp\htdocs\ci-lesson-atk\system\BaseModel.php(751): CodeIgniter\Model->insert(Array, false)
#8 C:\xampp\htdocs\ci-lesson-atk\app\Controllers\AtkController.php(44): CodeIgniter\BaseModel->save(Array)
#9 C:\xampp\htdocs\ci-lesson-atk\system\CodeIgniter.php(933): App\Controllers\AtkController->tambahData()
#10 C:\xampp\htdocs\ci-lesson-atk\system\CodeIgniter.php(509): CodeIgniter\CodeIgniter->runController(Object(App\Controllers\AtkController))
#11 C:\xampp\htdocs\ci-lesson-atk\system\CodeIgniter.php(355): CodeIgniter\CodeIgniter->handleRequest(NULL, Object(Config\Cache), false)
#12 C:\xampp\htdocs\ci-lesson-atk\system\Boot.php(312): CodeIgniter\CodeIgniter->run()
#13 C:\xampp\htdocs\ci-lesson-atk\system\Boot.php(67): CodeIgniter\Boot::runCodeIgniter(Object(CodeIgniter\CodeIgniter))
#14 C:\xampp\htdocs\ci-lesson-atk\public\index.php(56): CodeIgniter\Boot::bootWeb(Object(Config\Paths))
#15 C:\xampp\htdocs\ci-lesson-atk\system\Commands\Server\rewrite.php(49): require_once('C:\\xampp\\htdocs...')
#16 {main}
CRITICAL - 2024-05-29 05:13:37 --> CodeIgniter\Database\Exceptions\DatabaseException: Duplicate entry '' for key 'PRIMARY'
[Method: POST, Route: kelolaatk]
in SYSTEMPATH\Database\BaseConnection.php on line 676.
 1 SYSTEMPATH\Database\BaseBuilder.php(2325): CodeIgniter\Database\BaseConnection->query('INSERT INTO `atk` (`nama_atk`, `stok`, `satuan`) VALUES (:nama_atk:, :stok:, :satuan:)', [...], false)
 2 SYSTEMPATH\Model.php(383): CodeIgniter\Database\BaseBuilder->insert()
 3 SYSTEMPATH\BaseModel.php(840): CodeIgniter\Model->doInsert([...])
 4 SYSTEMPATH\Model.php(791): CodeIgniter\BaseModel->insert([...], false)
 5 SYSTEMPATH\BaseModel.php(751): CodeIgniter\Model->insert([...], false)
 6 APPPATH\Controllers\AtkController.php(44): CodeIgniter\BaseModel->save([...])
 7 SYSTEMPATH\CodeIgniter.php(933): App\Controllers\AtkController->tambahData()
 8 SYSTEMPATH\CodeIgniter.php(509): CodeIgniter\CodeIgniter->runController(Object(App\Controllers\AtkController))
 9 SYSTEMPATH\CodeIgniter.php(355): CodeIgniter\CodeIgniter->handleRequest(null, Object(Config\Cache), false)
10 SYSTEMPATH\Boot.php(312): CodeIgniter\CodeIgniter->run()
11 SYSTEMPATH\Boot.php(67): CodeIgniter\Boot::runCodeIgniter(Object(CodeIgniter\CodeIgniter))
12 FCPATH\index.php(56): CodeIgniter\Boot::bootWeb(Object(Config\Paths))
13 SYSTEMPATH\Commands\Server\rewrite.php(49): require_once('C:\\xampp\\htdocs\\ci-lesson-atk\\public\\index.php')
CRITICAL - 2024-05-29 05:13:38 --> [Caused by] CodeIgniter\Database\Exceptions\DatabaseException: Duplicate entry '' for key 'PRIMARY'
in SYSTEMPATH\Database\MySQLi\Connection.php on line 313.
 1 SYSTEMPATH\Database\BaseConnection.php(722): CodeIgniter\Database\MySQLi\Connection->execute('INSERT INTO `atk` (`nama_atk`, `stok`, `satuan`) VALUES (\'Tinta Spidol\', \'4\', \'Pcs\')')
 2 SYSTEMPATH\Database\BaseConnection.php(636): CodeIgniter\Database\BaseConnection->simpleQuery('INSERT INTO `atk` (`nama_atk`, `stok`, `satuan`) VALUES (\'Tinta Spidol\', \'4\', \'Pcs\')')
 3 SYSTEMPATH\Database\BaseBuilder.php(2325): CodeIgniter\Database\BaseConnection->query('INSERT INTO `atk` (`nama_atk`, `stok`, `satuan`) VALUES (:nama_atk:, :stok:, :satuan:)', [...], false)
 4 SYSTEMPATH\Model.php(383): CodeIgniter\Database\BaseBuilder->insert()
 5 SYSTEMPATH\BaseModel.php(840): CodeIgniter\Model->doInsert([...])
 6 SYSTEMPATH\Model.php(791): CodeIgniter\BaseModel->insert([...], false)
 7 SYSTEMPATH\BaseModel.php(751): CodeIgniter\Model->insert([...], false)
 8 APPPATH\Controllers\AtkController.php(44): CodeIgniter\BaseModel->save([...])
 9 SYSTEMPATH\CodeIgniter.php(933): App\Controllers\AtkController->tambahData()
10 SYSTEMPATH\CodeIgniter.php(509): CodeIgniter\CodeIgniter->runController(Object(App\Controllers\AtkController))
11 SYSTEMPATH\CodeIgniter.php(355): CodeIgniter\CodeIgniter->handleRequest(null, Object(Config\Cache), false)
12 SYSTEMPATH\Boot.php(312): CodeIgniter\CodeIgniter->run()
13 SYSTEMPATH\Boot.php(67): CodeIgniter\Boot::runCodeIgniter(Object(CodeIgniter\CodeIgniter))
14 FCPATH\index.php(56): CodeIgniter\Boot::bootWeb(Object(Config\Paths))
15 SYSTEMPATH\Commands\Server\rewrite.php(49): require_once('C:\\xampp\\htdocs\\ci-lesson-atk\\public\\index.php')
CRITICAL - 2024-05-29 05:13:38 --> [Caused by] mysqli_sql_exception: Duplicate entry '' for key 'PRIMARY'
in SYSTEMPATH\Database\MySQLi\Connection.php on line 308.
 1 SYSTEMPATH\Database\MySQLi\Connection.php(308): mysqli->query('INSERT INTO `atk` (`nama_atk`, `stok`, `satuan`) VALUES (\'Tinta Spidol\', \'4\', \'Pcs\')', 0)
 2 SYSTEMPATH\Database\BaseConnection.php(722): CodeIgniter\Database\MySQLi\Connection->execute('INSERT INTO `atk` (`nama_atk`, `stok`, `satuan`) VALUES (\'Tinta Spidol\', \'4\', \'Pcs\')')
 3 SYSTEMPATH\Database\BaseConnection.php(636): CodeIgniter\Database\BaseConnection->simpleQuery('INSERT INTO `atk` (`nama_atk`, `stok`, `satuan`) VALUES (\'Tinta Spidol\', \'4\', \'Pcs\')')
 4 SYSTEMPATH\Database\BaseBuilder.php(2325): CodeIgniter\Database\BaseConnection->query('INSERT INTO `atk` (`nama_atk`, `stok`, `satuan`) VALUES (:nama_atk:, :stok:, :satuan:)', [...], false)
 5 SYSTEMPATH\Model.php(383): CodeIgniter\Database\BaseBuilder->insert()
 6 SYSTEMPATH\BaseModel.php(840): CodeIgniter\Model->doInsert([...])
 7 SYSTEMPATH\Model.php(791): CodeIgniter\BaseModel->insert([...], false)
 8 SYSTEMPATH\BaseModel.php(751): CodeIgniter\Model->insert([...], false)
 9 APPPATH\Controllers\AtkController.php(44): CodeIgniter\BaseModel->save([...])
10 SYSTEMPATH\CodeIgniter.php(933): App\Controllers\AtkController->tambahData()
11 SYSTEMPATH\CodeIgniter.php(509): CodeIgniter\CodeIgniter->runController(Object(App\Controllers\AtkController))
12 SYSTEMPATH\CodeIgniter.php(355): CodeIgniter\CodeIgniter->handleRequest(null, Object(Config\Cache), false)
13 SYSTEMPATH\Boot.php(312): CodeIgniter\CodeIgniter->run()
14 SYSTEMPATH\Boot.php(67): CodeIgniter\Boot::runCodeIgniter(Object(CodeIgniter\CodeIgniter))
15 FCPATH\index.php(56): CodeIgniter\Boot::bootWeb(Object(Config\Paths))
16 SYSTEMPATH\Commands\Server\rewrite.php(49): require_once('C:\\xampp\\htdocs\\ci-lesson-atk\\public\\index.php')
ERROR - 2024-05-29 05:13:58 --> mysqli_sql_exception: Duplicate entry '' for key 'PRIMARY' in C:\xampp\htdocs\ci-lesson-atk\system\Database\MySQLi\Connection.php:308
Stack trace:
#0 C:\xampp\htdocs\ci-lesson-atk\system\Database\MySQLi\Connection.php(308): mysqli->query('INSERT INTO `at...', 0)
#1 C:\xampp\htdocs\ci-lesson-atk\system\Database\BaseConnection.php(722): CodeIgniter\Database\MySQLi\Connection->execute('INSERT INTO `at...')
#2 C:\xampp\htdocs\ci-lesson-atk\system\Database\BaseConnection.php(636): CodeIgniter\Database\BaseConnection->simpleQuery('INSERT INTO `at...')
#3 C:\xampp\htdocs\ci-lesson-atk\system\Database\BaseBuilder.php(2325): CodeIgniter\Database\BaseConnection->query('INSERT INTO `at...', Array, false)
#4 C:\xampp\htdocs\ci-lesson-atk\system\Model.php(383): CodeIgniter\Database\BaseBuilder->insert()
#5 C:\xampp\htdocs\ci-lesson-atk\system\BaseModel.php(840): CodeIgniter\Model->doInsert(Array)
#6 C:\xampp\htdocs\ci-lesson-atk\system\Model.php(791): CodeIgniter\BaseModel->insert(Array, false)
#7 C:\xampp\htdocs\ci-lesson-atk\system\BaseModel.php(751): CodeIgniter\Model->insert(Array, false)
#8 C:\xampp\htdocs\ci-lesson-atk\app\Controllers\AtkController.php(44): CodeIgniter\BaseModel->save(Array)
#9 C:\xampp\htdocs\ci-lesson-atk\system\CodeIgniter.php(933): App\Controllers\AtkController->tambahData()
#10 C:\xampp\htdocs\ci-lesson-atk\system\CodeIgniter.php(509): CodeIgniter\CodeIgniter->runController(Object(App\Controllers\AtkController))
#11 C:\xampp\htdocs\ci-lesson-atk\system\CodeIgniter.php(355): CodeIgniter\CodeIgniter->handleRequest(NULL, Object(Config\Cache), false)
#12 C:\xampp\htdocs\ci-lesson-atk\system\Boot.php(312): CodeIgniter\CodeIgniter->run()
#13 C:\xampp\htdocs\ci-lesson-atk\system\Boot.php(67): CodeIgniter\Boot::runCodeIgniter(Object(CodeIgniter\CodeIgniter))
#14 C:\xampp\htdocs\ci-lesson-atk\public\index.php(56): CodeIgniter\Boot::bootWeb(Object(Config\Paths))
#15 C:\xampp\htdocs\ci-lesson-atk\system\Commands\Server\rewrite.php(49): require_once('C:\\xampp\\htdocs...')
#16 {main}
CRITICAL - 2024-05-29 05:13:58 --> CodeIgniter\Database\Exceptions\DatabaseException: Duplicate entry '' for key 'PRIMARY'
[Method: POST, Route: kelolaatk]
in SYSTEMPATH\Database\BaseConnection.php on line 676.
 1 SYSTEMPATH\Database\BaseBuilder.php(2325): CodeIgniter\Database\BaseConnection->query('INSERT INTO `atk` (`nama_atk`, `stok`, `satuan`) VALUES (:nama_atk:, :stok:, :satuan:)', [...], false)
 2 SYSTEMPATH\Model.php(383): CodeIgniter\Database\BaseBuilder->insert()
 3 SYSTEMPATH\BaseModel.php(840): CodeIgniter\Model->doInsert([...])
 4 SYSTEMPATH\Model.php(791): CodeIgniter\BaseModel->insert([...], false)
 5 SYSTEMPATH\BaseModel.php(751): CodeIgniter\Model->insert([...], false)
 6 APPPATH\Controllers\AtkController.php(44): CodeIgniter\BaseModel->save([...])
 7 SYSTEMPATH\CodeIgniter.php(933): App\Controllers\AtkController->tambahData()
 8 SYSTEMPATH\CodeIgniter.php(509): CodeIgniter\CodeIgniter->runController(Object(App\Controllers\AtkController))
 9 SYSTEMPATH\CodeIgniter.php(355): CodeIgniter\CodeIgniter->handleRequest(null, Object(Config\Cache), false)
10 SYSTEMPATH\Boot.php(312): CodeIgniter\CodeIgniter->run()
11 SYSTEMPATH\Boot.php(67): CodeIgniter\Boot::runCodeIgniter(Object(CodeIgniter\CodeIgniter))
12 FCPATH\index.php(56): CodeIgniter\Boot::bootWeb(Object(Config\Paths))
13 SYSTEMPATH\Commands\Server\rewrite.php(49): require_once('C:\\xampp\\htdocs\\ci-lesson-atk\\public\\index.php')
CRITICAL - 2024-05-29 05:13:58 --> [Caused by] CodeIgniter\Database\Exceptions\DatabaseException: Duplicate entry '' for key 'PRIMARY'
in SYSTEMPATH\Database\MySQLi\Connection.php on line 313.
 1 SYSTEMPATH\Database\BaseConnection.php(722): CodeIgniter\Database\MySQLi\Connection->execute('INSERT INTO `atk` (`nama_atk`, `stok`, `satuan`) VALUES (\'Tinta Spidol\', \'4\', \'Pcs\')')
 2 SYSTEMPATH\Database\BaseConnection.php(636): CodeIgniter\Database\BaseConnection->simpleQuery('INSERT INTO `atk` (`nama_atk`, `stok`, `satuan`) VALUES (\'Tinta Spidol\', \'4\', \'Pcs\')')
 3 SYSTEMPATH\Database\BaseBuilder.php(2325): CodeIgniter\Database\BaseConnection->query('INSERT INTO `atk` (`nama_atk`, `stok`, `satuan`) VALUES (:nama_atk:, :stok:, :satuan:)', [...], false)
 4 SYSTEMPATH\Model.php(383): CodeIgniter\Database\BaseBuilder->insert()
 5 SYSTEMPATH\BaseModel.php(840): CodeIgniter\Model->doInsert([...])
 6 SYSTEMPATH\Model.php(791): CodeIgniter\BaseModel->insert([...], false)
 7 SYSTEMPATH\BaseModel.php(751): CodeIgniter\Model->insert([...], false)
 8 APPPATH\Controllers\AtkController.php(44): CodeIgniter\BaseModel->save([...])
 9 SYSTEMPATH\CodeIgniter.php(933): App\Controllers\AtkController->tambahData()
10 SYSTEMPATH\CodeIgniter.php(509): CodeIgniter\CodeIgniter->runController(Object(App\Controllers\AtkController))
11 SYSTEMPATH\CodeIgniter.php(355): CodeIgniter\CodeIgniter->handleRequest(null, Object(Config\Cache), false)
12 SYSTEMPATH\Boot.php(312): CodeIgniter\CodeIgniter->run()
13 SYSTEMPATH\Boot.php(67): CodeIgniter\Boot::runCodeIgniter(Object(CodeIgniter\CodeIgniter))
14 FCPATH\index.php(56): CodeIgniter\Boot::bootWeb(Object(Config\Paths))
15 SYSTEMPATH\Commands\Server\rewrite.php(49): require_once('C:\\xampp\\htdocs\\ci-lesson-atk\\public\\index.php')
CRITICAL - 2024-05-29 05:13:58 --> [Caused by] mysqli_sql_exception: Duplicate entry '' for key 'PRIMARY'
in SYSTEMPATH\Database\MySQLi\Connection.php on line 308.
 1 SYSTEMPATH\Database\MySQLi\Connection.php(308): mysqli->query('INSERT INTO `atk` (`nama_atk`, `stok`, `satuan`) VALUES (\'Tinta Spidol\', \'4\', \'Pcs\')', 0)
 2 SYSTEMPATH\Database\BaseConnection.php(722): CodeIgniter\Database\MySQLi\Connection->execute('INSERT INTO `atk` (`nama_atk`, `stok`, `satuan`) VALUES (\'Tinta Spidol\', \'4\', \'Pcs\')')
 3 SYSTEMPATH\Database\BaseConnection.php(636): CodeIgniter\Database\BaseConnection->simpleQuery('INSERT INTO `atk` (`nama_atk`, `stok`, `satuan`) VALUES (\'Tinta Spidol\', \'4\', \'Pcs\')')
 4 SYSTEMPATH\Database\BaseBuilder.php(2325): CodeIgniter\Database\BaseConnection->query('INSERT INTO `atk` (`nama_atk`, `stok`, `satuan`) VALUES (:nama_atk:, :stok:, :satuan:)', [...], false)
 5 SYSTEMPATH\Model.php(383): CodeIgniter\Database\BaseBuilder->insert()
 6 SYSTEMPATH\BaseModel.php(840): CodeIgniter\Model->doInsert([...])
 7 SYSTEMPATH\Model.php(791): CodeIgniter\BaseModel->insert([...], false)
 8 SYSTEMPATH\BaseModel.php(751): CodeIgniter\Model->insert([...], false)
 9 APPPATH\Controllers\AtkController.php(44): CodeIgniter\BaseModel->save([...])
10 SYSTEMPATH\CodeIgniter.php(933): App\Controllers\AtkController->tambahData()
11 SYSTEMPATH\CodeIgniter.php(509): CodeIgniter\CodeIgniter->runController(Object(App\Controllers\AtkController))
12 SYSTEMPATH\CodeIgniter.php(355): CodeIgniter\CodeIgniter->handleRequest(null, Object(Config\Cache), false)
13 SYSTEMPATH\Boot.php(312): CodeIgniter\CodeIgniter->run()
14 SYSTEMPATH\Boot.php(67): CodeIgniter\Boot::runCodeIgniter(Object(CodeIgniter\CodeIgniter))
15 FCPATH\index.php(56): CodeIgniter\Boot::bootWeb(Object(Config\Paths))
16 SYSTEMPATH\Commands\Server\rewrite.php(49): require_once('C:\\xampp\\htdocs\\ci-lesson-atk\\public\\index.php')
INFO - 2024-05-29 05:15:30 --> Session: Class initialized using 'CodeIgniter\Session\Handlers\FileHandler' driver.
CRITICAL - 2024-05-29 12:22:09 --> ParseError: syntax error, unexpected variable "$data", expecting "function" or "const"
[Method: POST, Route: kelolaatk]
in APPPATH\Controllers\AtkController.php on line 17.
 1 SYSTEMPATH\Autoloader\Autoloader.php(296): CodeIgniter\Autoloader\Autoloader->includeFile('C:\\xampp\\htdocs\\ci-lesson-atk\\app\\Controllers\\AtkController.php')
 2 SYSTEMPATH\Autoloader\Autoloader.php(272): CodeIgniter\Autoloader\Autoloader->loadInNamespace('App\\Controllers\\AtkController')
 3 [internal function]: CodeIgniter\Autoloader\Autoloader->loadClass('App\\Controllers\\AtkController')
 4 SYSTEMPATH\CodeIgniter.php(887): class_exists('\\App\\Controllers\\AtkController', true)
 5 SYSTEMPATH\CodeIgniter.php(496): CodeIgniter\CodeIgniter->startController()
 6 SYSTEMPATH\CodeIgniter.php(355): CodeIgniter\CodeIgniter->handleRequest(null, Object(Config\Cache), false)
 7 SYSTEMPATH\Boot.php(312): CodeIgniter\CodeIgniter->run()
 8 SYSTEMPATH\Boot.php(67): CodeIgniter\Boot::runCodeIgniter(Object(CodeIgniter\CodeIgniter))
 9 FCPATH\index.php(56): CodeIgniter\Boot::bootWeb(Object(Config\Paths))
10 SYSTEMPATH\Commands\Server\rewrite.php(49): require_once('C:\\xampp\\htdocs\\ci-lesson-atk\\public\\index.php')
CRITICAL - 2024-05-29 12:39:47 --> ParseError: Unclosed '[' on line 31
[Method: POST, Route: kelolaatk]
in APPPATH\Config\Routes.php on line 32.
 1 SYSTEMPATH\CodeIgniter.php(823): CodeIgniter\Router\RouteCollection->loadRoutes()
 2 SYSTEMPATH\CodeIgniter.php(457): CodeIgniter\CodeIgniter->tryToRouteIt(null)
 3 SYSTEMPATH\CodeIgniter.php(355): CodeIgniter\CodeIgniter->handleRequest(null, Object(Config\Cache), false)
 4 SYSTEMPATH\Boot.php(312): CodeIgniter\CodeIgniter->run()
 5 SYSTEMPATH\Boot.php(67): CodeIgniter\Boot::runCodeIgniter(Object(CodeIgniter\CodeIgniter))
 6 FCPATH\index.php(56): CodeIgniter\Boot::bootWeb(Object(Config\Paths))
 7 SYSTEMPATH\Commands\Server\rewrite.php(49): require_once('C:\\xampp\\htdocs\\ci-lesson-atk\\public\\index.php')
CRITICAL - 2024-05-29 13:38:08 --> CodeIgniter\View\Exceptions\ViewException: Invalid file: "kelolaatk.php"
[Method: GET, Route: kelolaatk]
in SYSTEMPATH\Exceptions\FrameworkException.php on line 41.
 1 SYSTEMPATH\View\View.php(222): CodeIgniter\Exceptions\FrameworkException::forInvalidFile('kelolaatk.php')
 2 SYSTEMPATH\Common.php(1171): CodeIgniter\View\View->render('kelolaatk', [], true)
 3 APPPATH\Controllers\AtkController.php(18): view('kelolaatk')
 4 SYSTEMPATH\CodeIgniter.php(933): App\Controllers\AtkController->index()
 5 SYSTEMPATH\CodeIgniter.php(509): CodeIgniter\CodeIgniter->runController(Object(App\Controllers\AtkController))
 6 SYSTEMPATH\CodeIgniter.php(355): CodeIgniter\CodeIgniter->handleRequest(null, Object(Config\Cache), false)
 7 SYSTEMPATH\Boot.php(312): CodeIgniter\CodeIgniter->run()
 8 SYSTEMPATH\Boot.php(67): CodeIgniter\Boot::runCodeIgniter(Object(CodeIgniter\CodeIgniter))
 9 FCPATH\index.php(56): CodeIgniter\Boot::bootWeb(Object(Config\Paths))
10 SYSTEMPATH\Commands\Server\rewrite.php(49): require_once('C:\\xampp\\htdocs\\ci-lesson-atk\\public\\index.php')
CRITICAL - 2024-05-29 13:41:50 --> CodeIgniter\View\Exceptions\ViewException: Invalid file: "kelolaatk.php"
[Method: GET, Route: kelolaatk]
in SYSTEMPATH\Exceptions\FrameworkException.php on line 41.
 1 SYSTEMPATH\View\View.php(222): CodeIgniter\Exceptions\FrameworkException::forInvalidFile('kelolaatk.php')
 2 SYSTEMPATH\Common.php(1171): CodeIgniter\View\View->render('kelolaatk', [], true)
 3 APPPATH\Controllers\AtkController.php(18): view('kelolaatk')
 4 SYSTEMPATH\CodeIgniter.php(933): App\Controllers\AtkController->index()
 5 SYSTEMPATH\CodeIgniter.php(509): CodeIgniter\CodeIgniter->runController(Object(App\Controllers\AtkController))
 6 SYSTEMPATH\CodeIgniter.php(355): CodeIgniter\CodeIgniter->handleRequest(null, Object(Config\Cache), false)
 7 SYSTEMPATH\Boot.php(312): CodeIgniter\CodeIgniter->run()
 8 SYSTEMPATH\Boot.php(67): CodeIgniter\Boot::runCodeIgniter(Object(CodeIgniter\CodeIgniter))
 9 FCPATH\index.php(56): CodeIgniter\Boot::bootWeb(Object(Config\Paths))
10 SYSTEMPATH\Commands\Server\rewrite.php(49): require_once('C:\\xampp\\htdocs\\ci-lesson-atk\\public\\index.php')
CRITICAL - 2024-05-29 13:42:32 --> CodeIgniter\View\Exceptions\ViewException: Invalid file: "kelolaatk.php"
[Method: GET, Route: kelolaatk]
in SYSTEMPATH\Exceptions\FrameworkException.php on line 41.
 1 SYSTEMPATH\View\View.php(222): CodeIgniter\Exceptions\FrameworkException::forInvalidFile('kelolaatk.php')
 2 SYSTEMPATH\Common.php(1171): CodeIgniter\View\View->render('kelolaatk', [], true)
 3 APPPATH\Controllers\AtkController.php(18): view('kelolaatk')
 4 SYSTEMPATH\CodeIgniter.php(933): App\Controllers\AtkController->index()
 5 SYSTEMPATH\CodeIgniter.php(509): CodeIgniter\CodeIgniter->runController(Object(App\Controllers\AtkController))
 6 SYSTEMPATH\CodeIgniter.php(355): CodeIgniter\CodeIgniter->handleRequest(null, Object(Config\Cache), false)
 7 SYSTEMPATH\Boot.php(312): CodeIgniter\CodeIgniter->run()
 8 SYSTEMPATH\Boot.php(67): CodeIgniter\Boot::runCodeIgniter(Object(CodeIgniter\CodeIgniter))
 9 FCPATH\index.php(56): CodeIgniter\Boot::bootWeb(Object(Config\Paths))
10 SYSTEMPATH\Commands\Server\rewrite.php(49): require_once('C:\\xampp\\htdocs\\ci-lesson-atk\\public\\index.php')
CRITICAL - 2024-05-29 13:42:34 --> CodeIgniter\View\Exceptions\ViewException: Invalid file: "kelolaatk.php"
[Method: GET, Route: kelolaatk]
in SYSTEMPATH\Exceptions\FrameworkException.php on line 41.
 1 SYSTEMPATH\View\View.php(222): CodeIgniter\Exceptions\FrameworkException::forInvalidFile('kelolaatk.php')
 2 SYSTEMPATH\Common.php(1171): CodeIgniter\View\View->render('kelolaatk', [], true)
 3 APPPATH\Controllers\AtkController.php(18): view('kelolaatk')
 4 SYSTEMPATH\CodeIgniter.php(933): App\Controllers\AtkController->index()
 5 SYSTEMPATH\CodeIgniter.php(509): CodeIgniter\CodeIgniter->runController(Object(App\Controllers\AtkController))
 6 SYSTEMPATH\CodeIgniter.php(355): CodeIgniter\CodeIgniter->handleRequest(null, Object(Config\Cache), false)
 7 SYSTEMPATH\Boot.php(312): CodeIgniter\CodeIgniter->run()
 8 SYSTEMPATH\Boot.php(67): CodeIgniter\Boot::runCodeIgniter(Object(CodeIgniter\CodeIgniter))
 9 FCPATH\index.php(56): CodeIgniter\Boot::bootWeb(Object(Config\Paths))
10 SYSTEMPATH\Commands\Server\rewrite.php(49): require_once('C:\\xampp\\htdocs\\ci-lesson-atk\\public\\index.php')
CRITICAL - 2024-05-29 13:42:45 --> CodeIgniter\View\Exceptions\ViewException: Invalid file: "kelolaatk.php"
[Method: GET, Route: kelolaatk]
in SYSTEMPATH\Exceptions\FrameworkException.php on line 41.
 1 SYSTEMPATH\View\View.php(222): CodeIgniter\Exceptions\FrameworkException::forInvalidFile('kelolaatk.php')
 2 SYSTEMPATH\Common.php(1171): CodeIgniter\View\View->render('kelolaatk', [], true)
 3 APPPATH\Controllers\AtkController.php(18): view('kelolaatk')
 4 SYSTEMPATH\CodeIgniter.php(933): App\Controllers\AtkController->index()
 5 SYSTEMPATH\CodeIgniter.php(509): CodeIgniter\CodeIgniter->runController(Object(App\Controllers\AtkController))
 6 SYSTEMPATH\CodeIgniter.php(355): CodeIgniter\CodeIgniter->handleRequest(null, Object(Config\Cache), false)
 7 SYSTEMPATH\Boot.php(312): CodeIgniter\CodeIgniter->run()
 8 SYSTEMPATH\Boot.php(67): CodeIgniter\Boot::runCodeIgniter(Object(CodeIgniter\CodeIgniter))
 9 FCPATH\index.php(56): CodeIgniter\Boot::bootWeb(Object(Config\Paths))
10 SYSTEMPATH\Commands\Server\rewrite.php(49): require_once('C:\\xampp\\htdocs\\ci-lesson-atk\\public\\index.php')
CRITICAL - 2024-05-29 13:43:45 --> CodeIgniter\View\Exceptions\ViewException: Invalid file: "kelolaatk.php"
[Method: GET, Route: kelolaatk]
in SYSTEMPATH\Exceptions\FrameworkException.php on line 41.
 1 SYSTEMPATH\View\View.php(222): CodeIgniter\Exceptions\FrameworkException::forInvalidFile('kelolaatk.php')
 2 SYSTEMPATH\Common.php(1171): CodeIgniter\View\View->render('kelolaatk', [], true)
 3 APPPATH\Controllers\AtkController.php(18): view('kelolaatk')
 4 SYSTEMPATH\CodeIgniter.php(933): App\Controllers\AtkController->index()
 5 SYSTEMPATH\CodeIgniter.php(509): CodeIgniter\CodeIgniter->runController(Object(App\Controllers\AtkController))
 6 SYSTEMPATH\CodeIgniter.php(355): CodeIgniter\CodeIgniter->handleRequest(null, Object(Config\Cache), false)
 7 SYSTEMPATH\Boot.php(312): CodeIgniter\CodeIgniter->run()
 8 SYSTEMPATH\Boot.php(67): CodeIgniter\Boot::runCodeIgniter(Object(CodeIgniter\CodeIgniter))
 9 FCPATH\index.php(56): CodeIgniter\Boot::bootWeb(Object(Config\Paths))
10 SYSTEMPATH\Commands\Server\rewrite.php(49): require_once('C:\\xampp\\htdocs\\ci-lesson-atk\\public\\index.php')
CRITICAL - 2024-05-29 13:43:56 --> CodeIgniter\View\Exceptions\ViewException: Invalid file: "kelolaatk.php"
[Method: GET, Route: kelolaatk]
in SYSTEMPATH\Exceptions\FrameworkException.php on line 41.
 1 SYSTEMPATH\View\View.php(222): CodeIgniter\Exceptions\FrameworkException::forInvalidFile('kelolaatk.php')
 2 SYSTEMPATH\Common.php(1171): CodeIgniter\View\View->render('kelolaatk', [], true)
 3 APPPATH\Controllers\AtkController.php(18): view('kelolaatk')
 4 SYSTEMPATH\CodeIgniter.php(933): App\Controllers\AtkController->index()
 5 SYSTEMPATH\CodeIgniter.php(509): CodeIgniter\CodeIgniter->runController(Object(App\Controllers\AtkController))
 6 SYSTEMPATH\CodeIgniter.php(355): CodeIgniter\CodeIgniter->handleRequest(null, Object(Config\Cache), false)
 7 SYSTEMPATH\Boot.php(312): CodeIgniter\CodeIgniter->run()
 8 SYSTEMPATH\Boot.php(67): CodeIgniter\Boot::runCodeIgniter(Object(CodeIgniter\CodeIgniter))
 9 FCPATH\index.php(56): CodeIgniter\Boot::bootWeb(Object(Config\Paths))
10 SYSTEMPATH\Commands\Server\rewrite.php(49): require_once('C:\\xampp\\htdocs\\ci-lesson-atk\\public\\index.php')
CRITICAL - 2024-05-29 13:43:57 --> CodeIgniter\View\Exceptions\ViewException: Invalid file: "kelolaatk.php"
[Method: GET, Route: kelolaatk]
in SYSTEMPATH\Exceptions\FrameworkException.php on line 41.
 1 SYSTEMPATH\View\View.php(222): CodeIgniter\Exceptions\FrameworkException::forInvalidFile('kelolaatk.php')
 2 SYSTEMPATH\Common.php(1171): CodeIgniter\View\View->render('kelolaatk', [], true)
 3 APPPATH\Controllers\AtkController.php(18): view('kelolaatk')
 4 SYSTEMPATH\CodeIgniter.php(933): App\Controllers\AtkController->index()
 5 SYSTEMPATH\CodeIgniter.php(509): CodeIgniter\CodeIgniter->runController(Object(App\Controllers\AtkController))
 6 SYSTEMPATH\CodeIgniter.php(355): CodeIgniter\CodeIgniter->handleRequest(null, Object(Config\Cache), false)
 7 SYSTEMPATH\Boot.php(312): CodeIgniter\CodeIgniter->run()
 8 SYSTEMPATH\Boot.php(67): CodeIgniter\Boot::runCodeIgniter(Object(CodeIgniter\CodeIgniter))
 9 FCPATH\index.php(56): CodeIgniter\Boot::bootWeb(Object(Config\Paths))
10 SYSTEMPATH\Commands\Server\rewrite.php(49): require_once('C:\\xampp\\htdocs\\ci-lesson-atk\\public\\index.php')
CRITICAL - 2024-05-29 13:43:59 --> CodeIgniter\View\Exceptions\ViewException: Invalid file: "kelolaatk.php"
[Method: GET, Route: kelolaatk]
in SYSTEMPATH\Exceptions\FrameworkException.php on line 41.
 1 SYSTEMPATH\View\View.php(222): CodeIgniter\Exceptions\FrameworkException::forInvalidFile('kelolaatk.php')
 2 SYSTEMPATH\Common.php(1171): CodeIgniter\View\View->render('kelolaatk', [], true)
 3 APPPATH\Controllers\AtkController.php(18): view('kelolaatk')
 4 SYSTEMPATH\CodeIgniter.php(933): App\Controllers\AtkController->index()
 5 SYSTEMPATH\CodeIgniter.php(509): CodeIgniter\CodeIgniter->runController(Object(App\Controllers\AtkController))
 6 SYSTEMPATH\CodeIgniter.php(355): CodeIgniter\CodeIgniter->handleRequest(null, Object(Config\Cache), false)
 7 SYSTEMPATH\Boot.php(312): CodeIgniter\CodeIgniter->run()
 8 SYSTEMPATH\Boot.php(67): CodeIgniter\Boot::runCodeIgniter(Object(CodeIgniter\CodeIgniter))
 9 FCPATH\index.php(56): CodeIgniter\Boot::bootWeb(Object(Config\Paths))
10 SYSTEMPATH\Commands\Server\rewrite.php(49): require_once('C:\\xampp\\htdocs\\ci-lesson-atk\\public\\index.php')
CRITICAL - 2024-05-29 13:45:02 --> CodeIgniter\View\Exceptions\ViewException: Invalid file: "kelolaatk.php"
[Method: GET, Route: kelolaatk]
in SYSTEMPATH\Exceptions\FrameworkException.php on line 41.
 1 SYSTEMPATH\View\View.php(222): CodeIgniter\Exceptions\FrameworkException::forInvalidFile('kelolaatk.php')
 2 SYSTEMPATH\Common.php(1171): CodeIgniter\View\View->render('kelolaatk', [], true)
 3 APPPATH\Controllers\AtkController.php(18): view('kelolaatk')
 4 SYSTEMPATH\CodeIgniter.php(933): App\Controllers\AtkController->index()
 5 SYSTEMPATH\CodeIgniter.php(509): CodeIgniter\CodeIgniter->runController(Object(App\Controllers\AtkController))
 6 SYSTEMPATH\CodeIgniter.php(355): CodeIgniter\CodeIgniter->handleRequest(null, Object(Config\Cache), false)
 7 SYSTEMPATH\Boot.php(312): CodeIgniter\CodeIgniter->run()
 8 SYSTEMPATH\Boot.php(67): CodeIgniter\Boot::runCodeIgniter(Object(CodeIgniter\CodeIgniter))
 9 FCPATH\index.php(56): CodeIgniter\Boot::bootWeb(Object(Config\Paths))
10 SYSTEMPATH\Commands\Server\rewrite.php(49): require_once('C:\\xampp\\htdocs\\ci-lesson-atk\\public\\index.php')
CRITICAL - 2024-05-29 13:47:44 --> CodeIgniter\View\Exceptions\ViewException: Invalid file: "kelolaatk.php"
[Method: GET, Route: kelolaatk]
in SYSTEMPATH\Exceptions\FrameworkException.php on line 41.
 1 SYSTEMPATH\View\View.php(222): CodeIgniter\Exceptions\FrameworkException::forInvalidFile('kelolaatk.php')
 2 SYSTEMPATH\Common.php(1171): CodeIgniter\View\View->render('kelolaatk', [], true)
 3 APPPATH\Controllers\AtkController.php(18): view('kelolaatk')
 4 SYSTEMPATH\CodeIgniter.php(933): App\Controllers\AtkController->index()
 5 SYSTEMPATH\CodeIgniter.php(509): CodeIgniter\CodeIgniter->runController(Object(App\Controllers\AtkController))
 6 SYSTEMPATH\CodeIgniter.php(355): CodeIgniter\CodeIgniter->handleRequest(null, Object(Config\Cache), false)
 7 SYSTEMPATH\Boot.php(312): CodeIgniter\CodeIgniter->run()
 8 SYSTEMPATH\Boot.php(67): CodeIgniter\Boot::runCodeIgniter(Object(CodeIgniter\CodeIgniter))
 9 FCPATH\index.php(56): CodeIgniter\Boot::bootWeb(Object(Config\Paths))
10 SYSTEMPATH\Commands\Server\rewrite.php(49): require_once('C:\\xampp\\htdocs\\ci-lesson-atk\\public\\index.php')
CRITICAL - 2024-05-29 13:47:45 --> CodeIgniter\View\Exceptions\ViewException: Invalid file: "kelolaatk.php"
[Method: GET, Route: kelolaatk]
in SYSTEMPATH\Exceptions\FrameworkException.php on line 41.
 1 SYSTEMPATH\View\View.php(222): CodeIgniter\Exceptions\FrameworkException::forInvalidFile('kelolaatk.php')
 2 SYSTEMPATH\Common.php(1171): CodeIgniter\View\View->render('kelolaatk', [], true)
 3 APPPATH\Controllers\AtkController.php(18): view('kelolaatk')
 4 SYSTEMPATH\CodeIgniter.php(933): App\Controllers\AtkController->index()
 5 SYSTEMPATH\CodeIgniter.php(509): CodeIgniter\CodeIgniter->runController(Object(App\Controllers\AtkController))
 6 SYSTEMPATH\CodeIgniter.php(355): CodeIgniter\CodeIgniter->handleRequest(null, Object(Config\Cache), false)
 7 SYSTEMPATH\Boot.php(312): CodeIgniter\CodeIgniter->run()
 8 SYSTEMPATH\Boot.php(67): CodeIgniter\Boot::runCodeIgniter(Object(CodeIgniter\CodeIgniter))
 9 FCPATH\index.php(56): CodeIgniter\Boot::bootWeb(Object(Config\Paths))
10 SYSTEMPATH\Commands\Server\rewrite.php(49): require_once('C:\\xampp\\htdocs\\ci-lesson-atk\\public\\index.php')
CRITICAL - 2024-05-29 13:48:54 --> CodeIgniter\View\Exceptions\ViewException: Invalid file: "kelolaatk.php"
[Method: GET, Route: kelolaatk]
in SYSTEMPATH\Exceptions\FrameworkException.php on line 41.
 1 SYSTEMPATH\View\View.php(222): CodeIgniter\Exceptions\FrameworkException::forInvalidFile('kelolaatk.php')
 2 SYSTEMPATH\Common.php(1171): CodeIgniter\View\View->render('kelolaatk', [], true)
 3 APPPATH\Controllers\AtkController.php(18): view('kelolaatk')
 4 SYSTEMPATH\CodeIgniter.php(933): App\Controllers\AtkController->index()
 5 SYSTEMPATH\CodeIgniter.php(509): CodeIgniter\CodeIgniter->runController(Object(App\Controllers\AtkController))
 6 SYSTEMPATH\CodeIgniter.php(355): CodeIgniter\CodeIgniter->handleRequest(null, Object(Config\Cache), false)
 7 SYSTEMPATH\Boot.php(312): CodeIgniter\CodeIgniter->run()
 8 SYSTEMPATH\Boot.php(67): CodeIgniter\Boot::runCodeIgniter(Object(CodeIgniter\CodeIgniter))
 9 FCPATH\index.php(56): CodeIgniter\Boot::bootWeb(Object(Config\Paths))
10 SYSTEMPATH\Commands\Server\rewrite.php(49): require_once('C:\\xampp\\htdocs\\ci-lesson-atk\\public\\index.php')
CRITICAL - 2024-05-29 17:20:11 --> ErrorException: Undefined variable $all_data_atk
[Method: GET, Route: kelolaatk]
in APPPATH\Views\permintaan\kelolaatk.php on line 364.
 1 APPPATH\Views\permintaan\kelolaatk.php(364): CodeIgniter\Debug\Exceptions->errorHandler(2, 'Undefined variable $all_data_atk', 'C:\\xampp\\htdocs\\ci-lesson-atk\\app\\Views\\permintaan\\kelolaatk.php', 364)
 2 SYSTEMPATH\View\View.php(234): include('C:\\xampp\\htdocs\\ci-lesson-atk\\app\\Views\\permintaan\\kelolaatk.php')
 3 SYSTEMPATH\View\View.php(237): CodeIgniter\View\View->CodeIgniter\View\{closure}()
 4 SYSTEMPATH\Common.php(1171): CodeIgniter\View\View->render('permintaan/kelolaatk', [], true)
 5 APPPATH\Config\Routes.php(32): view('permintaan/kelolaatk')
 6 SYSTEMPATH\CodeIgniter.php(877): CodeIgniter\Router\RouteCollection->{closure}()
 7 SYSTEMPATH\CodeIgniter.php(496): CodeIgniter\CodeIgniter->startController()
 8 SYSTEMPATH\CodeIgniter.php(355): CodeIgniter\CodeIgniter->handleRequest(null, Object(Config\Cache), false)
 9 SYSTEMPATH\Boot.php(312): CodeIgniter\CodeIgniter->run()
10 SYSTEMPATH\Boot.php(67): CodeIgniter\Boot::runCodeIgniter(Object(CodeIgniter\CodeIgniter))
11 FCPATH\index.php(56): CodeIgniter\Boot::bootWeb(Object(Config\Paths))
12 SYSTEMPATH\Commands\Server\rewrite.php(49): require_once('C:\\xampp\\htdocs\\ci-lesson-atk\\public\\index.php')
CRITICAL - 2024-05-29 17:21:22 --> ErrorException: Undefined variable $all_data_atk
[Method: GET, Route: kelolaatk]
in APPPATH\Views\permintaan\kelolaatk.php on line 364.
 1 APPPATH\Views\permintaan\kelolaatk.php(364): CodeIgniter\Debug\Exceptions->errorHandler(2, 'Undefined variable $all_data_atk', 'C:\\xampp\\htdocs\\ci-lesson-atk\\app\\Views\\permintaan\\kelolaatk.php', 364)
 2 SYSTEMPATH\View\View.php(234): include('C:\\xampp\\htdocs\\ci-lesson-atk\\app\\Views\\permintaan\\kelolaatk.php')
 3 SYSTEMPATH\View\View.php(237): CodeIgniter\View\View->CodeIgniter\View\{closure}()
 4 SYSTEMPATH\Common.php(1171): CodeIgniter\View\View->render('permintaan/kelolaatk', [], true)
 5 APPPATH\Config\Routes.php(32): view('permintaan/kelolaatk')
 6 SYSTEMPATH\CodeIgniter.php(877): CodeIgniter\Router\RouteCollection->{closure}()
 7 SYSTEMPATH\CodeIgniter.php(496): CodeIgniter\CodeIgniter->startController()
 8 SYSTEMPATH\CodeIgniter.php(355): CodeIgniter\CodeIgniter->handleRequest(null, Object(Config\Cache), false)
 9 SYSTEMPATH\Boot.php(312): CodeIgniter\CodeIgniter->run()
10 SYSTEMPATH\Boot.php(67): CodeIgniter\Boot::runCodeIgniter(Object(CodeIgniter\CodeIgniter))
11 FCPATH\index.php(56): CodeIgniter\Boot::bootWeb(Object(Config\Paths))
12 SYSTEMPATH\Commands\Server\rewrite.php(49): require_once('C:\\xampp\\htdocs\\ci-lesson-atk\\public\\index.php')
CRITICAL - 2024-05-29 17:21:23 --> ErrorException: Undefined variable $all_data_atk
[Method: GET, Route: kelolaatk]
in APPPATH\Views\permintaan\kelolaatk.php on line 364.
 1 APPPATH\Views\permintaan\kelolaatk.php(364): CodeIgniter\Debug\Exceptions->errorHandler(2, 'Undefined variable $all_data_atk', 'C:\\xampp\\htdocs\\ci-lesson-atk\\app\\Views\\permintaan\\kelolaatk.php', 364)
 2 SYSTEMPATH\View\View.php(234): include('C:\\xampp\\htdocs\\ci-lesson-atk\\app\\Views\\permintaan\\kelolaatk.php')
 3 SYSTEMPATH\View\View.php(237): CodeIgniter\View\View->CodeIgniter\View\{closure}()
 4 SYSTEMPATH\Common.php(1171): CodeIgniter\View\View->render('permintaan/kelolaatk', [], true)
 5 APPPATH\Config\Routes.php(32): view('permintaan/kelolaatk')
 6 SYSTEMPATH\CodeIgniter.php(877): CodeIgniter\Router\RouteCollection->{closure}()
 7 SYSTEMPATH\CodeIgniter.php(496): CodeIgniter\CodeIgniter->startController()
 8 SYSTEMPATH\CodeIgniter.php(355): CodeIgniter\CodeIgniter->handleRequest(null, Object(Config\Cache), false)
 9 SYSTEMPATH\Boot.php(312): CodeIgniter\CodeIgniter->run()
10 SYSTEMPATH\Boot.php(67): CodeIgniter\Boot::runCodeIgniter(Object(CodeIgniter\CodeIgniter))
11 FCPATH\index.php(56): CodeIgniter\Boot::bootWeb(Object(Config\Paths))
12 SYSTEMPATH\Commands\Server\rewrite.php(49): require_once('C:\\xampp\\htdocs\\ci-lesson-atk\\public\\index.php')
CRITICAL - 2024-05-29 17:21:25 --> ErrorException: Undefined variable $all_data_atk
[Method: GET, Route: kelolaatk]
in APPPATH\Views\permintaan\kelolaatk.php on line 364.
 1 APPPATH\Views\permintaan\kelolaatk.php(364): CodeIgniter\Debug\Exceptions->errorHandler(2, 'Undefined variable $all_data_atk', 'C:\\xampp\\htdocs\\ci-lesson-atk\\app\\Views\\permintaan\\kelolaatk.php', 364)
 2 SYSTEMPATH\View\View.php(234): include('C:\\xampp\\htdocs\\ci-lesson-atk\\app\\Views\\permintaan\\kelolaatk.php')
 3 SYSTEMPATH\View\View.php(237): CodeIgniter\View\View->CodeIgniter\View\{closure}()
 4 SYSTEMPATH\Common.php(1171): CodeIgniter\View\View->render('permintaan/kelolaatk', [], true)
 5 APPPATH\Config\Routes.php(32): view('permintaan/kelolaatk')
 6 SYSTEMPATH\CodeIgniter.php(877): CodeIgniter\Router\RouteCollection->{closure}()
 7 SYSTEMPATH\CodeIgniter.php(496): CodeIgniter\CodeIgniter->startController()
 8 SYSTEMPATH\CodeIgniter.php(355): CodeIgniter\CodeIgniter->handleRequest(null, Object(Config\Cache), false)
 9 SYSTEMPATH\Boot.php(312): CodeIgniter\CodeIgniter->run()
10 SYSTEMPATH\Boot.php(67): CodeIgniter\Boot::runCodeIgniter(Object(CodeIgniter\CodeIgniter))
11 FCPATH\index.php(56): CodeIgniter\Boot::bootWeb(Object(Config\Paths))
12 SYSTEMPATH\Commands\Server\rewrite.php(49): require_once('C:\\xampp\\htdocs\\ci-lesson-atk\\public\\index.php')
CRITICAL - 2024-05-29 18:20:54 --> ParseError: syntax error, unexpected token "new"
[Method: GET, Route: kelolaatk]
in APPPATH\Controllers\AtkController.php on line 21.
 1 SYSTEMPATH\Autoloader\Autoloader.php(296): CodeIgniter\Autoloader\Autoloader->includeFile('C:\\xampp\\htdocs\\ci-lesson-atk\\app\\Controllers\\AtkController.php')
 2 SYSTEMPATH\Autoloader\Autoloader.php(272): CodeIgniter\Autoloader\Autoloader->loadInNamespace('App\\Controllers\\AtkController')
 3 [internal function]: CodeIgniter\Autoloader\Autoloader->loadClass('App\\Controllers\\AtkController')
 4 SYSTEMPATH\CodeIgniter.php(887): class_exists('\\App\\Controllers\\AtkController', true)
 5 SYSTEMPATH\CodeIgniter.php(496): CodeIgniter\CodeIgniter->startController()
 6 SYSTEMPATH\CodeIgniter.php(355): CodeIgniter\CodeIgniter->handleRequest(null, Object(Config\Cache), false)
 7 SYSTEMPATH\Boot.php(312): CodeIgniter\CodeIgniter->run()
 8 SYSTEMPATH\Boot.php(67): CodeIgniter\Boot::runCodeIgniter(Object(CodeIgniter\CodeIgniter))
 9 FCPATH\index.php(56): CodeIgniter\Boot::bootWeb(Object(Config\Paths))
10 SYSTEMPATH\Commands\Server\rewrite.php(49): require_once('C:\\xampp\\htdocs\\ci-lesson-atk\\public\\index.php')
CRITICAL - 2024-05-29 18:54:22 --> ParseError: syntax error, unexpected token ","
[Method: GET, Route: atk]
in APPPATH\Config\Routes.php on line 38.
 1 SYSTEMPATH\CodeIgniter.php(823): CodeIgniter\Router\RouteCollection->loadRoutes()
 2 SYSTEMPATH\CodeIgniter.php(457): CodeIgniter\CodeIgniter->tryToRouteIt(null)
 3 SYSTEMPATH\CodeIgniter.php(355): CodeIgniter\CodeIgniter->handleRequest(null, Object(Config\Cache), false)
 4 SYSTEMPATH\Boot.php(312): CodeIgniter\CodeIgniter->run()
 5 SYSTEMPATH\Boot.php(67): CodeIgniter\Boot::runCodeIgniter(Object(CodeIgniter\CodeIgniter))
 6 FCPATH\index.php(56): CodeIgniter\Boot::bootWeb(Object(Config\Paths))
 7 SYSTEMPATH\Commands\Server\rewrite.php(49): require_once('C:\\xampp\\htdocs\\ci-lesson-atk\\public\\index.php')
CRITICAL - 2024-05-29 19:22:20 --> ParseError: syntax error, unexpected token ";", expecting ")"
[Method: GET, Route: atk]
in APPPATH\Controllers\AtkController.php on line 29.
 1 SYSTEMPATH\Autoloader\Autoloader.php(296): CodeIgniter\Autoloader\Autoloader->includeFile('C:\\xampp\\htdocs\\ci-lesson-atk\\app\\Controllers\\AtkController.php')
 2 SYSTEMPATH\Autoloader\Autoloader.php(272): CodeIgniter\Autoloader\Autoloader->loadInNamespace('App\\Controllers\\AtkController')
 3 [internal function]: CodeIgniter\Autoloader\Autoloader->loadClass('App\\Controllers\\AtkController')
 4 SYSTEMPATH\CodeIgniter.php(887): class_exists('\\App\\Controllers\\AtkController', true)
 5 SYSTEMPATH\CodeIgniter.php(496): CodeIgniter\CodeIgniter->startController()
 6 SYSTEMPATH\CodeIgniter.php(355): CodeIgniter\CodeIgniter->handleRequest(null, Object(Config\Cache), false)
 7 SYSTEMPATH\Boot.php(312): CodeIgniter\CodeIgniter->run()
 8 SYSTEMPATH\Boot.php(67): CodeIgniter\Boot::runCodeIgniter(Object(CodeIgniter\CodeIgniter))
 9 FCPATH\index.php(56): CodeIgniter\Boot::bootWeb(Object(Config\Paths))
10 SYSTEMPATH\Commands\Server\rewrite.php(49): require_once('C:\\xampp\\htdocs\\ci-lesson-atk\\public\\index.php')
CRITICAL - 2024-05-29 19:23:34 --> ErrorException: Undefined variable $data_atk
[Method: GET, Route: atk]
in APPPATH\Views\permintaan\kelolaatk.php on line 443.
 1 APPPATH\Views\permintaan\kelolaatk.php(443): CodeIgniter\Debug\Exceptions->errorHandler(2, 'Undefined variable $data_atk', 'C:\\xampp\\htdocs\\ci-lesson-atk\\app\\Views\\permintaan\\kelolaatk.php', 443)
 2 SYSTEMPATH\View\View.php(234): include('C:\\xampp\\htdocs\\ci-lesson-atk\\app\\Views\\permintaan\\kelolaatk.php')
 3 SYSTEMPATH\View\View.php(237): CodeIgniter\View\View->CodeIgniter\View\{closure}()
 4 SYSTEMPATH\Common.php(1171): CodeIgniter\View\View->render('permintaan/kelolaatk', [], true)
 5 APPPATH\Controllers\AtkController.php(15): view('permintaan/kelolaatk', [...])
 6 SYSTEMPATH\CodeIgniter.php(933): App\Controllers\AtkController->index()
 7 SYSTEMPATH\CodeIgniter.php(509): CodeIgniter\CodeIgniter->runController(Object(App\Controllers\AtkController))
 8 SYSTEMPATH\CodeIgniter.php(355): CodeIgniter\CodeIgniter->handleRequest(null, Object(Config\Cache), false)
 9 SYSTEMPATH\Boot.php(312): CodeIgniter\CodeIgniter->run()
10 SYSTEMPATH\Boot.php(67): CodeIgniter\Boot::runCodeIgniter(Object(CodeIgniter\CodeIgniter))
11 FCPATH\index.php(56): CodeIgniter\Boot::bootWeb(Object(Config\Paths))
12 SYSTEMPATH\Commands\Server\rewrite.php(49): require_once('C:\\xampp\\htdocs\\ci-lesson-atk\\public\\index.php')
CRITICAL - 2024-05-29 19:31:01 --> ErrorException: Undefined variable $data_atk
[Method: GET, Route: atk]
in APPPATH\Views\permintaan\kelolaatk.php on line 443.
 1 APPPATH\Views\permintaan\kelolaatk.php(443): CodeIgniter\Debug\Exceptions->errorHandler(2, 'Undefined variable $data_atk', 'C:\\xampp\\htdocs\\ci-lesson-atk\\app\\Views\\permintaan\\kelolaatk.php', 443)
 2 SYSTEMPATH\View\View.php(234): include('C:\\xampp\\htdocs\\ci-lesson-atk\\app\\Views\\permintaan\\kelolaatk.php')
 3 SYSTEMPATH\View\View.php(237): CodeIgniter\View\View->CodeIgniter\View\{closure}()
 4 SYSTEMPATH\Common.php(1171): CodeIgniter\View\View->render('permintaan/kelolaatk', [], true)
 5 APPPATH\Controllers\AtkController.php(15): view('permintaan/kelolaatk', [...])
 6 SYSTEMPATH\CodeIgniter.php(933): App\Controllers\AtkController->index()
 7 SYSTEMPATH\CodeIgniter.php(509): CodeIgniter\CodeIgniter->runController(Object(App\Controllers\AtkController))
 8 SYSTEMPATH\CodeIgniter.php(355): CodeIgniter\CodeIgniter->handleRequest(null, Object(Config\Cache), false)
 9 SYSTEMPATH\Boot.php(312): CodeIgniter\CodeIgniter->run()
10 SYSTEMPATH\Boot.php(67): CodeIgniter\Boot::runCodeIgniter(Object(CodeIgniter\CodeIgniter))
11 FCPATH\index.php(56): CodeIgniter\Boot::bootWeb(Object(Config\Paths))
12 SYSTEMPATH\Commands\Server\rewrite.php(49): require_once('C:\\xampp\\htdocs\\ci-lesson-atk\\public\\index.php')
CRITICAL - 2024-05-29 19:34:47 --> ErrorException: Undefined variable $data_atk
[Method: GET, Route: atk]
in APPPATH\Views\permintaan\kelolaatk.php on line 443.
 1 APPPATH\Views\permintaan\kelolaatk.php(443): CodeIgniter\Debug\Exceptions->errorHandler(2, 'Undefined variable $data_atk', 'C:\\xampp\\htdocs\\ci-lesson-atk\\app\\Views\\permintaan\\kelolaatk.php', 443)
 2 SYSTEMPATH\View\View.php(234): include('C:\\xampp\\htdocs\\ci-lesson-atk\\app\\Views\\permintaan\\kelolaatk.php')
 3 SYSTEMPATH\View\View.php(237): CodeIgniter\View\View->CodeIgniter\View\{closure}()
 4 SYSTEMPATH\Common.php(1171): CodeIgniter\View\View->render('permintaan/kelolaatk', [], true)
 5 APPPATH\Controllers\AtkController.php(15): view('permintaan/kelolaatk', [...])
 6 SYSTEMPATH\CodeIgniter.php(933): App\Controllers\AtkController->index()
 7 SYSTEMPATH\CodeIgniter.php(509): CodeIgniter\CodeIgniter->runController(Object(App\Controllers\AtkController))
 8 SYSTEMPATH\CodeIgniter.php(355): CodeIgniter\CodeIgniter->handleRequest(null, Object(Config\Cache), false)
 9 SYSTEMPATH\Boot.php(312): CodeIgniter\CodeIgniter->run()
10 SYSTEMPATH\Boot.php(67): CodeIgniter\Boot::runCodeIgniter(Object(CodeIgniter\CodeIgniter))
11 FCPATH\index.php(56): CodeIgniter\Boot::bootWeb(Object(Config\Paths))
12 SYSTEMPATH\Commands\Server\rewrite.php(49): require_once('C:\\xampp\\htdocs\\ci-lesson-atk\\public\\index.php')
CRITICAL - 2024-05-29 19:39:04 --> ErrorException: Undefined variable $data_atk
[Method: GET, Route: atk]
in APPPATH\Views\permintaan\kelolaatk.php on line 443.
 1 APPPATH\Views\permintaan\kelolaatk.php(443): CodeIgniter\Debug\Exceptions->errorHandler(2, 'Undefined variable $data_atk', 'C:\\xampp\\htdocs\\ci-lesson-atk\\app\\Views\\permintaan\\kelolaatk.php', 443)
 2 SYSTEMPATH\View\View.php(234): include('C:\\xampp\\htdocs\\ci-lesson-atk\\app\\Views\\permintaan\\kelolaatk.php')
 3 SYSTEMPATH\View\View.php(237): CodeIgniter\View\View->CodeIgniter\View\{closure}()
 4 SYSTEMPATH\Common.php(1171): CodeIgniter\View\View->render('permintaan/kelolaatk', [], true)
 5 APPPATH\Controllers\AtkController.php(15): view('permintaan/kelolaatk', [...])
 6 SYSTEMPATH\CodeIgniter.php(933): App\Controllers\AtkController->index()
 7 SYSTEMPATH\CodeIgniter.php(509): CodeIgniter\CodeIgniter->runController(Object(App\Controllers\AtkController))
 8 SYSTEMPATH\CodeIgniter.php(355): CodeIgniter\CodeIgniter->handleRequest(null, Object(Config\Cache), false)
 9 SYSTEMPATH\Boot.php(312): CodeIgniter\CodeIgniter->run()
10 SYSTEMPATH\Boot.php(67): CodeIgniter\Boot::runCodeIgniter(Object(CodeIgniter\CodeIgniter))
11 FCPATH\index.php(56): CodeIgniter\Boot::bootWeb(Object(Config\Paths))
12 SYSTEMPATH\Commands\Server\rewrite.php(49): require_once('C:\\xampp\\htdocs\\ci-lesson-atk\\public\\index.php')
CRITICAL - 2024-05-29 19:39:08 --> ErrorException: Undefined variable $data_atk
[Method: GET, Route: atk]
in APPPATH\Views\permintaan\kelolaatk.php on line 443.
 1 APPPATH\Views\permintaan\kelolaatk.php(443): CodeIgniter\Debug\Exceptions->errorHandler(2, 'Undefined variable $data_atk', 'C:\\xampp\\htdocs\\ci-lesson-atk\\app\\Views\\permintaan\\kelolaatk.php', 443)
 2 SYSTEMPATH\View\View.php(234): include('C:\\xampp\\htdocs\\ci-lesson-atk\\app\\Views\\permintaan\\kelolaatk.php')
 3 SYSTEMPATH\View\View.php(237): CodeIgniter\View\View->CodeIgniter\View\{closure}()
 4 SYSTEMPATH\Common.php(1171): CodeIgniter\View\View->render('permintaan/kelolaatk', [], true)
 5 APPPATH\Controllers\AtkController.php(15): view('permintaan/kelolaatk', [...])
 6 SYSTEMPATH\CodeIgniter.php(933): App\Controllers\AtkController->index()
 7 SYSTEMPATH\CodeIgniter.php(509): CodeIgniter\CodeIgniter->runController(Object(App\Controllers\AtkController))
 8 SYSTEMPATH\CodeIgniter.php(355): CodeIgniter\CodeIgniter->handleRequest(null, Object(Config\Cache), false)
 9 SYSTEMPATH\Boot.php(312): CodeIgniter\CodeIgniter->run()
10 SYSTEMPATH\Boot.php(67): CodeIgniter\Boot::runCodeIgniter(Object(CodeIgniter\CodeIgniter))
11 FCPATH\index.php(56): CodeIgniter\Boot::bootWeb(Object(Config\Paths))
12 SYSTEMPATH\Commands\Server\rewrite.php(49): require_once('C:\\xampp\\htdocs\\ci-lesson-atk\\public\\index.php')
CRITICAL - 2024-05-29 19:39:25 --> ErrorException: Undefined variable $data_atk
[Method: GET, Route: atk]
in APPPATH\Views\permintaan\kelolaatk.php on line 451.
 1 APPPATH\Views\permintaan\kelolaatk.php(451): CodeIgniter\Debug\Exceptions->errorHandler(2, 'Undefined variable $data_atk', 'C:\\xampp\\htdocs\\ci-lesson-atk\\app\\Views\\permintaan\\kelolaatk.php', 451)
 2 SYSTEMPATH\View\View.php(234): include('C:\\xampp\\htdocs\\ci-lesson-atk\\app\\Views\\permintaan\\kelolaatk.php')
 3 SYSTEMPATH\View\View.php(237): CodeIgniter\View\View->CodeIgniter\View\{closure}()
 4 SYSTEMPATH\Common.php(1171): CodeIgniter\View\View->render('permintaan/kelolaatk', [], true)
 5 APPPATH\Controllers\AtkController.php(15): view('permintaan/kelolaatk', [...])
 6 SYSTEMPATH\CodeIgniter.php(933): App\Controllers\AtkController->index()
 7 SYSTEMPATH\CodeIgniter.php(509): CodeIgniter\CodeIgniter->runController(Object(App\Controllers\AtkController))
 8 SYSTEMPATH\CodeIgniter.php(355): CodeIgniter\CodeIgniter->handleRequest(null, Object(Config\Cache), false)
 9 SYSTEMPATH\Boot.php(312): CodeIgniter\CodeIgniter->run()
10 SYSTEMPATH\Boot.php(67): CodeIgniter\Boot::runCodeIgniter(Object(CodeIgniter\CodeIgniter))
11 FCPATH\index.php(56): CodeIgniter\Boot::bootWeb(Object(Config\Paths))
12 SYSTEMPATH\Commands\Server\rewrite.php(49): require_once('C:\\xampp\\htdocs\\ci-lesson-atk\\public\\index.php')
CRITICAL - 2024-05-29 19:48:20 --> ErrorException: Undefined variable $data_atk
[Method: GET, Route: atk]
in APPPATH\Views\permintaan\kelolaatk.php on line 413.
 1 APPPATH\Views\permintaan\kelolaatk.php(413): CodeIgniter\Debug\Exceptions->errorHandler(2, 'Undefined variable $data_atk', 'C:\\xampp\\htdocs\\ci-lesson-atk\\app\\Views\\permintaan\\kelolaatk.php', 413)
 2 SYSTEMPATH\View\View.php(234): include('C:\\xampp\\htdocs\\ci-lesson-atk\\app\\Views\\permintaan\\kelolaatk.php')
 3 SYSTEMPATH\View\View.php(237): CodeIgniter\View\View->CodeIgniter\View\{closure}()
 4 SYSTEMPATH\Common.php(1171): CodeIgniter\View\View->render('permintaan/kelolaatk', [], true)
 5 APPPATH\Controllers\AtkController.php(15): view('permintaan/kelolaatk', [...])
 6 SYSTEMPATH\CodeIgniter.php(933): App\Controllers\AtkController->index()
 7 SYSTEMPATH\CodeIgniter.php(509): CodeIgniter\CodeIgniter->runController(Object(App\Controllers\AtkController))
 8 SYSTEMPATH\CodeIgniter.php(355): CodeIgniter\CodeIgniter->handleRequest(null, Object(Config\Cache), false)
 9 SYSTEMPATH\Boot.php(312): CodeIgniter\CodeIgniter->run()
10 SYSTEMPATH\Boot.php(67): CodeIgniter\Boot::runCodeIgniter(Object(CodeIgniter\CodeIgniter))
11 FCPATH\index.php(56): CodeIgniter\Boot::bootWeb(Object(Config\Paths))
12 SYSTEMPATH\Commands\Server\rewrite.php(49): require_once('C:\\xampp\\htdocs\\ci-lesson-atk\\public\\index.php')
CRITICAL - 2024-05-29 19:49:26 --> ErrorException: Undefined variable $data_atk
[Method: GET, Route: atk]
in APPPATH\Views\permintaan\kelolaatk.php on line 413.
 1 APPPATH\Views\permintaan\kelolaatk.php(413): CodeIgniter\Debug\Exceptions->errorHandler(2, 'Undefined variable $data_atk', 'C:\\xampp\\htdocs\\ci-lesson-atk\\app\\Views\\permintaan\\kelolaatk.php', 413)
 2 SYSTEMPATH\View\View.php(234): include('C:\\xampp\\htdocs\\ci-lesson-atk\\app\\Views\\permintaan\\kelolaatk.php')
 3 SYSTEMPATH\View\View.php(237): CodeIgniter\View\View->CodeIgniter\View\{closure}()
 4 SYSTEMPATH\Common.php(1171): CodeIgniter\View\View->render('permintaan/kelolaatk', [], true)
 5 APPPATH\Controllers\AtkController.php(15): view('permintaan/kelolaatk', [...])
 6 SYSTEMPATH\CodeIgniter.php(933): App\Controllers\AtkController->index()
 7 SYSTEMPATH\CodeIgniter.php(509): CodeIgniter\CodeIgniter->runController(Object(App\Controllers\AtkController))
 8 SYSTEMPATH\CodeIgniter.php(355): CodeIgniter\CodeIgniter->handleRequest(null, Object(Config\Cache), false)
 9 SYSTEMPATH\Boot.php(312): CodeIgniter\CodeIgniter->run()
10 SYSTEMPATH\Boot.php(67): CodeIgniter\Boot::runCodeIgniter(Object(CodeIgniter\CodeIgniter))
11 FCPATH\index.php(56): CodeIgniter\Boot::bootWeb(Object(Config\Paths))
12 SYSTEMPATH\Commands\Server\rewrite.php(49): require_once('C:\\xampp\\htdocs\\ci-lesson-atk\\public\\index.php')
CRITICAL - 2024-05-29 19:53:38 --> ErrorException: Undefined variable $data_atk
[Method: GET, Route: atk]
in APPPATH\Views\permintaan\kelolaatk.php on line 414.
 1 APPPATH\Views\permintaan\kelolaatk.php(414): CodeIgniter\Debug\Exceptions->errorHandler(2, 'Undefined variable $data_atk', 'C:\\xampp\\htdocs\\ci-lesson-atk\\app\\Views\\permintaan\\kelolaatk.php', 414)
 2 SYSTEMPATH\View\View.php(234): include('C:\\xampp\\htdocs\\ci-lesson-atk\\app\\Views\\permintaan\\kelolaatk.php')
 3 SYSTEMPATH\View\View.php(237): CodeIgniter\View\View->CodeIgniter\View\{closure}()
 4 SYSTEMPATH\Common.php(1171): CodeIgniter\View\View->render('permintaan/kelolaatk', [], true)
 5 APPPATH\Controllers\AtkController.php(15): view('permintaan/kelolaatk', [...])
 6 SYSTEMPATH\CodeIgniter.php(933): App\Controllers\AtkController->index()
 7 SYSTEMPATH\CodeIgniter.php(509): CodeIgniter\CodeIgniter->runController(Object(App\Controllers\AtkController))
 8 SYSTEMPATH\CodeIgniter.php(355): CodeIgniter\CodeIgniter->handleRequest(null, Object(Config\Cache), false)
 9 SYSTEMPATH\Boot.php(312): CodeIgniter\CodeIgniter->run()
10 SYSTEMPATH\Boot.php(67): CodeIgniter\Boot::runCodeIgniter(Object(CodeIgniter\CodeIgniter))
11 FCPATH\index.php(56): CodeIgniter\Boot::bootWeb(Object(Config\Paths))
12 SYSTEMPATH\Commands\Server\rewrite.php(49): require_once('C:\\xampp\\htdocs\\ci-lesson-atk\\public\\index.php')
CRITICAL - 2024-05-29 19:53:43 --> ErrorException: Undefined variable $data_atk
[Method: GET, Route: atk]
in APPPATH\Views\permintaan\kelolaatk.php on line 414.
 1 APPPATH\Views\permintaan\kelolaatk.php(414): CodeIgniter\Debug\Exceptions->errorHandler(2, 'Undefined variable $data_atk', 'C:\\xampp\\htdocs\\ci-lesson-atk\\app\\Views\\permintaan\\kelolaatk.php', 414)
 2 SYSTEMPATH\View\View.php(234): include('C:\\xampp\\htdocs\\ci-lesson-atk\\app\\Views\\permintaan\\kelolaatk.php')
 3 SYSTEMPATH\View\View.php(237): CodeIgniter\View\View->CodeIgniter\View\{closure}()
 4 SYSTEMPATH\Common.php(1171): CodeIgniter\View\View->render('permintaan/kelolaatk', [], true)
 5 APPPATH\Controllers\AtkController.php(15): view('permintaan/kelolaatk', [...])
 6 SYSTEMPATH\CodeIgniter.php(933): App\Controllers\AtkController->index()
 7 SYSTEMPATH\CodeIgniter.php(509): CodeIgniter\CodeIgniter->runController(Object(App\Controllers\AtkController))
 8 SYSTEMPATH\CodeIgniter.php(355): CodeIgniter\CodeIgniter->handleRequest(null, Object(Config\Cache), false)
 9 SYSTEMPATH\Boot.php(312): CodeIgniter\CodeIgniter->run()
10 SYSTEMPATH\Boot.php(67): CodeIgniter\Boot::runCodeIgniter(Object(CodeIgniter\CodeIgniter))
11 FCPATH\index.php(56): CodeIgniter\Boot::bootWeb(Object(Config\Paths))
12 SYSTEMPATH\Commands\Server\rewrite.php(49): require_once('C:\\xampp\\htdocs\\ci-lesson-atk\\public\\index.php')
CRITICAL - 2024-05-29 19:54:35 --> ErrorException: Undefined variable $data_atk
[Method: GET, Route: atk]
in APPPATH\Views\permintaan\kelolaatk.php on line 414.
 1 APPPATH\Views\permintaan\kelolaatk.php(414): CodeIgniter\Debug\Exceptions->errorHandler(2, 'Undefined variable $data_atk', 'C:\\xampp\\htdocs\\ci-lesson-atk\\app\\Views\\permintaan\\kelolaatk.php', 414)
 2 SYSTEMPATH\View\View.php(234): include('C:\\xampp\\htdocs\\ci-lesson-atk\\app\\Views\\permintaan\\kelolaatk.php')
 3 SYSTEMPATH\View\View.php(237): CodeIgniter\View\View->CodeIgniter\View\{closure}()
 4 SYSTEMPATH\Common.php(1171): CodeIgniter\View\View->render('permintaan/kelolaatk', [], true)
 5 APPPATH\Controllers\AtkController.php(15): view('permintaan/kelolaatk', [...])
 6 SYSTEMPATH\CodeIgniter.php(933): App\Controllers\AtkController->index()
 7 SYSTEMPATH\CodeIgniter.php(509): CodeIgniter\CodeIgniter->runController(Object(App\Controllers\AtkController))
 8 SYSTEMPATH\CodeIgniter.php(355): CodeIgniter\CodeIgniter->handleRequest(null, Object(Config\Cache), false)
 9 SYSTEMPATH\Boot.php(312): CodeIgniter\CodeIgniter->run()
10 SYSTEMPATH\Boot.php(67): CodeIgniter\Boot::runCodeIgniter(Object(CodeIgniter\CodeIgniter))
11 FCPATH\index.php(56): CodeIgniter\Boot::bootWeb(Object(Config\Paths))
12 SYSTEMPATH\Commands\Server\rewrite.php(49): require_once('C:\\xampp\\htdocs\\ci-lesson-atk\\public\\index.php')
CRITICAL - 2024-05-29 19:55:21 --> ErrorException: Undefined variable $data_atk
[Method: GET, Route: kelolaatk]
in APPPATH\Views\permintaan\kelolaatk.php on line 414.
 1 APPPATH\Views\permintaan\kelolaatk.php(414): CodeIgniter\Debug\Exceptions->errorHandler(2, 'Undefined variable $data_atk', 'C:\\xampp\\htdocs\\ci-lesson-atk\\app\\Views\\permintaan\\kelolaatk.php', 414)
 2 SYSTEMPATH\View\View.php(234): include('C:\\xampp\\htdocs\\ci-lesson-atk\\app\\Views\\permintaan\\kelolaatk.php')
 3 SYSTEMPATH\View\View.php(237): CodeIgniter\View\View->CodeIgniter\View\{closure}()
 4 SYSTEMPATH\Common.php(1171): CodeIgniter\View\View->render('permintaan/kelolaatk', [], true)
 5 APPPATH\Controllers\AtkController.php(15): view('permintaan/kelolaatk', [...])
 6 SYSTEMPATH\CodeIgniter.php(933): App\Controllers\AtkController->index()
 7 SYSTEMPATH\CodeIgniter.php(509): CodeIgniter\CodeIgniter->runController(Object(App\Controllers\AtkController))
 8 SYSTEMPATH\CodeIgniter.php(355): CodeIgniter\CodeIgniter->handleRequest(null, Object(Config\Cache), false)
 9 SYSTEMPATH\Boot.php(312): CodeIgniter\CodeIgniter->run()
10 SYSTEMPATH\Boot.php(67): CodeIgniter\Boot::runCodeIgniter(Object(CodeIgniter\CodeIgniter))
11 FCPATH\index.php(56): CodeIgniter\Boot::bootWeb(Object(Config\Paths))
12 SYSTEMPATH\Commands\Server\rewrite.php(49): require_once('C:\\xampp\\htdocs\\ci-lesson-atk\\public\\index.php')
